<?xml version="1.0" encoding="UTF-8"?>
<!-- Generated by org.testng.reporters.JUnitXMLReporter -->
<testsuite hostname="LAPTOP-LJ22SJA1" failures="0" tests="4" name="Tes1t" time="0.028" errors="0" timestamp="14 Jul 2023 01:25:00 GMT">
  <testcase classname="com.swt.parallel.Test1" name="testMethod4" time="0.012"/>
  <testcase classname="com.swt.parallel.Test1" name="testMethod1" time="0.012"/>
  <testcase classname="com.swt.parallel.Test1" name="testMethod3" time="0.012"/>
  <testcase classname="com.swt.parallel.Test1" name="testMethod2" time="0.012"/>
</testsuite> <!-- Tes1t -->
