<?xml version="1.0" encoding="UTF-8"?>
<!-- Generated by org.testng.reporters.JUnitXMLReporter -->
<testsuite hostname="LAPTOP-LJ22SJA1" failures="0" tests="4" name="Test3" time="0.004" errors="0" timestamp="13 Jul 2023 07:39:25 GMT">
  <testcase classname="com.swt.parallel.Test3" name="testMethod10" time="0.001"/>
  <testcase classname="com.swt.parallel.Test3" name="testMethod11" time="0.001"/>
  <testcase classname="com.swt.parallel.Test3" name="testMethod12" time="0.0"/>
  <testcase classname="com.swt.parallel.Test3" name="testMethod13" time="0.0"/>
</testsuite> <!-- Test3 -->
