<?xml version="1.0" encoding="UTF-8"?>
<!-- Generated by org.testng.reporters.JUnitXMLReporter -->
<testsuite hostname="LAPTOP-LJ22SJA1" failures="0" tests="4" name="Test1" time="0.022" errors="0" timestamp="13 Jul 2023 07:39:25 GMT">
  <testcase classname="com.swt.parallel.Test1" name="testMethod1" time="0.008"/>
  <testcase classname="com.swt.parallel.Test1" name="testMethod2" time="0.001"/>
  <testcase classname="com.swt.parallel.Test1" name="testMethod3" time="0.0"/>
  <testcase classname="com.swt.parallel.Test1" name="testMethod4" time="0.001"/>
</testsuite> <!-- Test1 -->
